{"/Users/kelvinsantos/Development/personal/sma-service/src/app.ts": {"path":"/Users/kelvinsantos/Development/personal/sma-service/src/app.ts","statementMap":{"0":{"start":{"line":1,"column":11},"end":{"line":1,"column":24}},"1":{"start":{"line":2,"column":12},"end":{"line":2,"column":31}},"2":{"start":{"line":3,"column":0},"end":{"line":3,"column":70}},"3":{"start":{"line":41,"column":0},"end":{"line":41,"column":13}},"4":{"start":{"line":49,"column":4},"end":{"line":49,"column":33}},"5":{"start":{"line":50,"column":4},"end":{"line":50,"column":31}},"6":{"start":{"line":51,"column":4},"end":{"line":51,"column":39}},"7":{"start":{"line":62,"column":29},"end":{"line":62,"column":60}},"8":{"start":{"line":65,"column":26},"end":{"line":65,"column":46}},"9":{"start":{"line":66,"column":39},"end":{"line":66,"column":75}},"10":{"start":{"line":69,"column":27},"end":{"line":69,"column":57}},"11":{"start":{"line":70,"column":35},"end":{"line":70,"column":69}},"12":{"start":{"line":73,"column":25},"end":{"line":73,"column":51}},"13":{"start":{"line":76,"column":4},"end":{"line":80,"column":null}},"14":{"start":{"line":77,"column":6},"end":{"line":77,"column":18}},"15":{"start":{"line":79,"column":6},"end":{"line":79,"column":19}},"16":{"start":{"line":91,"column":4},"end":{"line":106,"column":null}},"17":{"start":{"line":92,"column":24},"end":{"line":92,"column":41}},"18":{"start":{"line":93,"column":20},"end":{"line":93,"column":39}},"19":{"start":{"line":94,"column":22},"end":{"line":94,"column":43}},"20":{"start":{"line":96,"column":19},"end":{"line":96,"column":47}},"21":{"start":{"line":97,"column":30},"end":{"line":97,"column":50}},"22":{"start":{"line":98,"column":25},"end":{"line":98,"column":118}},"23":{"start":{"line":100,"column":6},"end":{"line":103,"column":8}},"24":{"start":{"line":105,"column":6},"end":{"line":105,"column":94}},"25":{"start":{"line":115,"column":4},"end":{"line":130,"column":null}},"26":{"start":{"line":116,"column":22},"end":{"line":116,"column":23}},"27":{"start":{"line":117,"column":20},"end":{"line":117,"column":21}},"28":{"start":{"line":118,"column":6},"end":{"line":121,"column":9}},"29":{"start":{"line":119,"column":8},"end":{"line":119,"column":31}},"30":{"start":{"line":120,"column":8},"end":{"line":120,"column":69}},"31":{"start":{"line":122,"column":6},"end":{"line":127,"column":8}},"32":{"start":{"line":129,"column":6},"end":{"line":129,"column":94}},"33":{"start":{"line":139,"column":4},"end":{"line":154,"column":null}},"34":{"start":{"line":140,"column":22},"end":{"line":140,"column":23}},"35":{"start":{"line":141,"column":20},"end":{"line":141,"column":21}},"36":{"start":{"line":142,"column":6},"end":{"line":145,"column":9}},"37":{"start":{"line":143,"column":8},"end":{"line":143,"column":31}},"38":{"start":{"line":144,"column":8},"end":{"line":144,"column":70}},"39":{"start":{"line":146,"column":6},"end":{"line":151,"column":8}},"40":{"start":{"line":153,"column":6},"end":{"line":153,"column":94}},"41":{"start":{"line":43,"column":0},"end":{"line":43,"column":21}}},"fnMap":{"0":{"name":"(anonymous_0)","decl":{"start":{"line":48,"column":2},"end":{"line":48,"column":14}},"loc":{"start":{"line":48,"column":74},"end":{"line":52,"column":3}}},"1":{"name":"(anonymous_1)","decl":{"start":{"line":61,"column":2},"end":{"line":61,"column":15}},"loc":{"start":{"line":61,"column":64},"end":{"line":81,"column":3}}},"2":{"name":"(anonymous_2)","decl":{"start":{"line":90,"column":2},"end":{"line":90,"column":15}},"loc":{"start":{"line":90,"column":64},"end":{"line":107,"column":3}}},"3":{"name":"(anonymous_3)","decl":{"start":{"line":114,"column":2},"end":{"line":114,"column":20}},"loc":{"start":{"line":114,"column":48},"end":{"line":131,"column":3}}},"4":{"name":"(anonymous_4)","decl":{"start":{"line":118,"column":20},"end":{"line":118,"column":24}},"loc":{"start":{"line":118,"column":27},"end":{"line":121,"column":7}}},"5":{"name":"(anonymous_5)","decl":{"start":{"line":138,"column":2},"end":{"line":138,"column":21}},"loc":{"start":{"line":138,"column":49},"end":{"line":155,"column":3}}},"6":{"name":"(anonymous_6)","decl":{"start":{"line":142,"column":20},"end":{"line":142,"column":24}},"loc":{"start":{"line":142,"column":27},"end":{"line":145,"column":7}}}},"branchMap":{"0":{"loc":{"start":{"line":76,"column":4},"end":{"line":80,"column":null}},"type":"if","locations":[{"start":{"line":76,"column":4},"end":{"line":80,"column":null}},{"start":{"line":78,"column":11},"end":{"line":80,"column":null}}]},"1":{"loc":{"start":{"line":76,"column":8},"end":{"line":76,"column":72}},"type":"binary-expr","locations":[{"start":{"line":76,"column":8},"end":{"line":76,"column":39}},{"start":{"line":76,"column":43},"end":{"line":76,"column":72}}]},"2":{"loc":{"start":{"line":101,"column":16},"end":{"line":101,"column":41}},"type":"cond-expr","locations":[{"start":{"line":101,"column":29},"end":{"line":101,"column":33}},{"start":{"line":101,"column":36},"end":{"line":101,"column":41}}]},"3":{"loc":{"start":{"line":102,"column":14},"end":{"line":102,"column":51}},"type":"cond-expr","locations":[{"start":{"line":102,"column":27},"end":{"line":102,"column":36}},{"start":{"line":102,"column":39},"end":{"line":102,"column":51}}]},"4":{"loc":{"start":{"line":125,"column":26},"end":{"line":125,"column":113}},"type":"cond-expr","locations":[{"start":{"line":125,"column":69},"end":{"line":125,"column":109}},{"start":{"line":125,"column":112},"end":{"line":125,"column":113}}]},"5":{"loc":{"start":{"line":149,"column":26},"end":{"line":149,"column":113}},"type":"cond-expr","locations":[{"start":{"line":149,"column":69},"end":{"line":149,"column":109}},{"start":{"line":149,"column":112},"end":{"line":149,"column":113}}]}},"s":{"0":1,"1":1,"2":1,"3":1,"4":14,"5":14,"6":14,"7":6,"8":6,"9":6,"10":6,"11":6,"12":6,"13":6,"14":2,"15":4,"16":4,"17":4,"18":4,"19":4,"20":4,"21":4,"22":4,"23":4,"24":1,"25":4,"26":4,"27":4,"28":4,"29":13,"30":13,"31":3,"32":1,"33":4,"34":4,"35":4,"36":4,"37":38,"38":38,"39":3,"40":1,"41":1},"f":{"0":14,"1":6,"2":4,"3":4,"4":13,"5":4,"6":38},"b":{"0":[2,4],"1":[6,2],"2":[1,3],"3":[1,3],"4":[1,2],"5":[1,2]}}
,"/Users/kelvinsantos/Development/personal/sma-service/src/fares-config.ts": {"path":"/Users/kelvinsantos/Development/personal/sma-service/src/fares-config.ts","statementMap":{"0":{"start":{"line":2,"column":13},"end":{"line":23,"column":2}},"1":{"start":{"line":26,"column":13},"end":{"line":55,"column":2}},"2":{"start":{"line":57,"column":13},"end":{"line":78,"column":2}}},"fnMap":{},"branchMap":{},"s":{"0":1,"1":1,"2":1},"f":{},"b":{}}
}
