TN:
SF:src/app.ts
FN:48,(anonymous_0)
FN:61,(anonymous_1)
FN:90,(anonymous_2)
FN:114,(anonymous_3)
FN:118,(anonymous_4)
FN:138,(anonymous_5)
FN:142,(anonymous_6)
FNF:7
FNH:7
FNDA:14,(anonymous_0)
FNDA:6,(anonymous_1)
FNDA:4,(anonymous_2)
FNDA:4,(anonymous_3)
FNDA:13,(anonymous_4)
FNDA:4,(anonymous_5)
FNDA:38,(anonymous_6)
DA:1,1
DA:2,1
DA:3,1
DA:41,1
DA:43,1
DA:49,14
DA:50,14
DA:51,14
DA:62,6
DA:65,6
DA:66,6
DA:69,6
DA:70,6
DA:73,6
DA:76,6
DA:77,2
DA:79,4
DA:91,4
DA:92,4
DA:93,4
DA:94,4
DA:96,4
DA:97,4
DA:98,4
DA:100,4
DA:105,1
DA:115,4
DA:116,4
DA:117,4
DA:118,4
DA:119,13
DA:120,13
DA:122,3
DA:129,1
DA:139,4
DA:140,4
DA:141,4
DA:142,4
DA:143,38
DA:144,38
DA:146,3
DA:153,1
LF:42
LH:42
BRDA:76,0,0,2
BRDA:76,0,1,4
BRDA:76,1,0,6
BRDA:76,1,1,2
BRDA:101,2,0,1
BRDA:101,2,1,3
BRDA:102,3,0,1
BRDA:102,3,1,3
BRDA:125,4,0,1
BRDA:125,4,1,2
BRDA:149,5,0,1
BRDA:149,5,1,2
BRF:12
BRH:12
end_of_record
TN:
SF:src/fares-config.ts
FNF:0
FNH:0
DA:2,1
DA:26,1
DA:57,1
LF:3
LH:3
BRF:0
BRH:0
end_of_record
